$**************  SCADETOC Version 18.2 (build i9) **************
** Generation date: 2018-01-18T13:27:04
** Command: scade -code "U:\5A\Prog_synchrone\GeoCar_US\GeoCar_US.etp" -root US_handler -conf KCG
*************************************************************$
*** Generated Files Information (GENFIL): KCG- Generated files
  at file U:\5A\Prog_synchrone\GeoCar_US\KCG\mapping.xml, line 0, character 0
 ~mapping.xml
  at file U:\5A\Prog_synchrone\GeoCar_US\KCG\kcg_metrics.txt, line 0, character 0
 ~kcg_metrics.txt
  at file U:\5A\Prog_synchrone\GeoCar_US\KCG\US_handler.c, line 0, character 0
 ~US_handler.c
  at file U:\5A\Prog_synchrone\GeoCar_US\KCG\checkThreshold.c, line 0, character 0
 ~checkThreshold.c
  at file U:\5A\Prog_synchrone\GeoCar_US\KCG\US_handler.h, line 0, character 0
 ~US_handler.h
  at file U:\5A\Prog_synchrone\GeoCar_US\KCG\checkThreshold.h, line 0, character 0
 ~checkThreshold.h
  at file U:\5A\Prog_synchrone\GeoCar_US\KCG\kcg_types.h, line 0, character 0
 ~kcg_types.h
  at file U:\5A\Prog_synchrone\GeoCar_US\KCG\kcg_consts.h, line 0, character 0
 ~kcg_consts.h
  at file U:\5A\Prog_synchrone\GeoCar_US\KCG\kcg_sensors.h, line 0, character 0
 ~kcg_sensors.h
  at file U:\5A\Prog_synchrone\GeoCar_US\KCG\kcg_types.c, line 0, character 0
 ~kcg_types.c
  at file U:\5A\Prog_synchrone\GeoCar_US\KCG\kcg_consts.c, line 0, character 0
 ~kcg_consts.c
  at file U:\5A\Prog_synchrone\GeoCar_US\KCG\kcg_xml_filter_out.scade, line 0, character 0
 ~kcg_xml_filter_out.scade
  at file U:\5A\Prog_synchrone\GeoCar_US\KCG\config.txt, line 0, character 0
 ~config.txt
*** Generated Files Information (GENFIL): Code Generator Generated files
  at file U:\5A\Prog_synchrone\GeoCar_US\KCG\user_macros.h, line 0, character 0
 ~user_macros.h
  at file U:\5A\Prog_synchrone\GeoCar_US\KCG\kcg_imported_types.h, line 0, character 0
 ~kcg_imported_types.h
  at file U:\5A\Prog_synchrone\GeoCar_US\KCG\sc2c.log, line 0, character 0
 ~sc2c.log
  at file U:\5A\Prog_synchrone\GeoCar_US\KCG\sc2c_integration_files.txt, line 0, character 0
 ~sc2c_integration_files.txt
$**************  SCADETOC Version 18.2 (build i9) **************
** Generation date: 2018-01-18T13:27:06
** sc2c.log
*************************************************************$
